<?xml version="1.0" encoding="UTF-8"?>
<!-- Generated by org.testng.reporters.JUnitReportReporter -->
<testsuite hostname="DESKTOP-CMJQJNU" failures="0" tests="1" name="tests.BaseClass" time="0.010" errors="0" timestamp="2022-03-03T10:22:45 CST" skipped="0">
  <testcase classname="tests.BaseClass" name="sampleTest" time="0.010"/>
  <system-out/>
</testsuite> <!-- tests.BaseClass -->
