<?xml version="1.0" encoding="UTF-8"?>
<!-- Generated by org.testng.reporters.JUnitReportReporter -->
<testsuite hostname="DESKTOP-CMJQJNU" failures="0" tests="1" name="tests.Tests" time="5.083" errors="0" timestamp="2022-03-03T09:50:09 CST" skipped="0">
  <testcase classname="tests.Tests" name="testThree" time="5.083"/>
  <system-out/>
</testsuite> <!-- tests.Tests -->
