<?xml version="1.0" encoding="UTF-8"?>
<!-- Generated by org.testng.reporters.JUnitReportReporter -->
<testsuite hostname="DESKTOP-CMJQJNU" failures="0" tests="1" name="tests.FacebookLoginSpec" time="20.420" errors="0" timestamp="2022-03-03T16:45:42 CST" skipped="0">
  <testcase classname="tests.FacebookLoginSpec" name="LikeOwnProfilePic" time="20.420"/>
  <system-out/>
</testsuite> <!-- tests.FacebookLoginSpec -->
