<?xml version="1.0" encoding="UTF-8"?>
<!-- Generated by org.testng.reporters.JUnitReportReporter -->
<testsuite hostname="DESKTOP-CMJQJNU" failures="0" tests="5" name="tests.FacebookLoginSpec" time="114.100" errors="0" timestamp="2022-03-04T16:42:28 CST" skipped="1">
  <testcase classname="tests.FacebookLoginSpec" name="LikeOwnProfilePic" time="32.138">
    <skipped/>
  </testcase> <!-- LikeOwnProfilePic -->
  <system-out>
    <![CDATA[Test starting: LikeOwnProfilePic
Liking facebook profile picture]]>
  </system-out>
  <testcase classname="tests.FacebookLoginSpec" name="VerifyLogin" time="23.510"/>
  <system-out>
    <![CDATA[Test starting: VerifyLogin
Verifying Login]]>
  </system-out>
  <testcase classname="tests.FacebookLoginSpec" name="testOne" time="19.482"/>
  <system-out>
    <![CDATA[Test starting: testOne
Test One]]>
  </system-out>
  <testcase classname="tests.FacebookLoginSpec" name="sampleTest" time="8.061"/>
  <system-out>
    <![CDATA[Test starting: sampleTest
Im inside temple test]]>
  </system-out>
  <testcase classname="tests.FacebookLoginSpec" name="LikeOwnProfilePic" time="30.909"/>
  <system-out>
    <![CDATA[Test starting: LikeOwnProfilePic
Liking facebook profile picture]]>
  </system-out>
</testsuite> <!-- tests.FacebookLoginSpec -->
